<?xml version="1.0" encoding="UTF-8"?>
<testsuite xmlns:xsi="http://www.w3.org/2001/XMLSchema-instance" xsi:noNamespaceSchemaLocation="https://maven.apache.org/surefire/maven-surefire-plugin/xsd/surefire-test-report-3.0.xsd" version="3.0" name="testRunner.TestRunner" time="9.788" tests="1" errors="0" skipped="0" failures="0">
  <properties>
[...]
</properties>
  <testcase name="Successful login with valid credentials #1" classname="Login with valid credentials" time="9.238">
    <system-out><![CDATA[
@sanity @regression
Scenario Outline: Successful login with valid credentials # Features/Login.feature:4
  Given User launch browser                               # StepDefinitions.steps.user_launch_browser()
  And Opens URL "https://www.amazon.com/"                 # StepDefinitions.steps.opens_url(java.lang.String)
  And Hover over sign in                                  # StepDefinitions.steps.hover_over_sign_in()
  And click sign in                                       # StepDefinitions.steps.click_sign_in1()
  And Enter mobile number "4125922529"                    # StepDefinitions.steps.enter_mobile_number(java.lang.String)
  And Click Continue                                      # StepDefinitions.steps.click_continue()
  And Enter password "escx4200"                           # StepDefinitions.steps.enter_password(java.lang.String)
  And Click sign in                                       # StepDefinitions.steps.click_sign_in()
  Then Verify amazon Home page is opened                  # StepDefinitions.steps.verify_amazon_home_page_is_opened()
]]></system-out>
    <system-err><![CDATA[SLF4J: Failed to load class "org.slf4j.impl.StaticLoggerBinder".
SLF4J: Defaulting to no-operation (NOP) logger implementation
SLF4J: See http://www.slf4j.org/codes.html#StaticLoggerBinder for further details.
1680493969237	geckodriver	INFO	Listening on 127.0.0.1:7333
1680493969476	mozrunner::runner	INFO	Running command: "C:\\Program Files\\Mozilla Firefox\\firefox.exe" "--marionette" "--remote-debugging-port" "19450" "--remote ... localhost:19450/,http://[::1]:19450/" "-no-remote" "-profile" "C:\\Users\\vsupe\\AppData\\Local\\Temp\\rust_mozprofileFX0Dk4"
console.warn: services.settings: Ignoring preference override of remote settings server
console.warn: services.settings: Allow by setting MOZ_REMOTE_SETTINGS_DEVTOOLS=1 in the environment
1680493969781	Marionette	INFO	Marionette enabled
Dynamically enable window occlusion 0
1680493969786	Marionette	INFO	Listening on port 61496
Read port: 61496
WebDriver BiDi listening on ws://127.0.0.1:19450
1680493969884	RemoteAgent	WARN	TLS certificate errors will be ignored for this session
console.warn: SearchSettings: "get: No settings file exists, new profile?" (new NotFoundError("Could not open the file at C:\\Users\\vsupe\\AppData\\Local\\Temp\\rust_mozprofileFX0Dk4\\search.json.mozlz4", (void 0)))
DevTools listening on ws://127.0.0.1:19450/devtools/browser/b36dc08c-8320-4217-8850-a4cbfe3d26ff
JavaScript warning: https://www.amazon.com/ line 2253 > injectedScript, line 1: WEBGL_debug_renderer_info is deprecated in Firefox and will be removed. Please use RENDERER.
JavaScript warning: https://www.amazon.com/ap/signin?openid.pape.max_auth_age=0&openid.return_to=https%3A%2F%2Fwww.amazon.com%2F%3Fref_%3Dnav_signin&openid.identity=http%3A%2F%2Fspecs.openid.net%2Fauth%2F2.0%2Fidentifier_select&openid.assoc_handle=usflex&openid.mode=checkid_setup&openid.claimed_id=http%3A%2F%2Fspecs.openid.net%2Fauth%2F2.0%2Fidentifier_select&openid.ns=http%3A%2F%2Fspecs.openid.net%2Fauth%2F2.0& line 898 > injectedScript, line 1: WEBGL_debug_renderer_info is deprecated in Firefox and will be removed. Please use RENDERER.
console.warn: LoginRecipes: "Falling back to a synchronous message for: https://www.amazon.com."
console.warn: LoginRecipes: "Falling back to a synchronous message for: https://www.amazon.com."
JavaScript warning: https://www.amazon.com/ap/signin line 885 > injectedScript, line 1: WEBGL_debug_renderer_info is deprecated in Firefox and will be removed. Please use RENDERER.
console.warn: LoginRecipes: "Falling back to a synchronous message for: https://www.amazon.com."
console.warn: LoginRecipes: "Falling back to a synchronous message for: https://www.amazon.com."
JavaScript warning: https://www.amazon.com/?ref_=nav_signin line 2588 > injectedScript, line 1: WEBGL_debug_renderer_info is deprecated in Firefox and will be removed. Please use RENDERER.
1680493975868	Marionette	INFO	Stopped listening on port 61496
Dynamically enable window occlusion 1
WARNING: A blocker encountered an error while we were waiting.
          Blocker:  Waiting for ping task
          Phase: TelemetryController: Waiting for pending ping activity
          State: (none)
WARNING: Error: Phase "profile-before-change" is finished, it is too late to register completion condition "OS.File: flush I/O queued before profileBeforeChange"
WARNING: addBlocker@resource://gre/modules/AsyncShutdown.sys.mjs:727:15
addBlocker@resource://gre/modules/AsyncShutdown.sys.mjs:523:26
addBlocker@resource://gre/modules/AsyncShutdown.sys.mjs:458:15
setupShutdown@resource://gre/modules/osfile/osfile_async_front.jsm:1548:28
@resource://gre/modules/osfile/osfile_async_front.jsm:1568:16
@resource://gre/modules/osfile.jsm:12:30
@resource://gre/modules/TelemetryStorage.sys.mjs:10:28
_checkPendingPings@resource://gre/modules/TelemetrySend.sys.mjs:863:17
setup@resource://gre/modules/TelemetrySend.sys.mjs:803:18
setup@resource://gre/modules/TelemetrySend.sys.mjs:241:30
setupTelemetry/this._delayedInitTask<@resource://gre/modules/TelemetryControllerParent.sys.mjs:828:36
observe@resource://gre/modules/AsyncShutdown.sys.mjs:576:16

console.error: "TelemetryScheduler.shutdown - Already shut down"
WARNING: A blocker encountered an error while we were waiting.
          Blocker:  Waiting for ping task
          Phase: TelemetryController: Waiting for pending ping activity
          State: (none)
WARNING: Error: Phase "profile-before-change" is finished, it is too late to register completion condition "OS.File: flush I/O queued before profileBeforeChange"
WARNING: addBlocker@resource://gre/modules/AsyncShutdown.sys.mjs:727:15
addBlocker@resource://gre/modules/AsyncShutdown.sys.mjs:523:26
addBlocker@resource://gre/modules/AsyncShutdown.sys.mjs:458:15
setupShutdown@resource://gre/modules/osfile/osfile_async_front.jsm:1548:28
@resource://gre/modules/osfile/osfile_async_front.jsm:1568:16
@resource://gre/modules/osfile.jsm:12:30
@resource://gre/modules/TelemetryStorage.sys.mjs:10:28
_checkPendingPings@resource://gre/modules/TelemetrySend.sys.mjs:863:17
setup@resource://gre/modules/TelemetrySend.sys.mjs:803:18
setup@resource://gre/modules/TelemetrySend.sys.mjs:241:30
setupTelemetry/this._delayedInitTask<@resource://gre/modules/TelemetryControllerParent.sys.mjs:828:36
observe@resource://gre/modules/AsyncShutdown.sys.mjs:576:16

WARNING: A blocker encountered an error while we were waiting.
          Blocker:  Waiting for ping task
          Phase: TelemetryController: Waiting for pending ping activity
          State: (none)
WARNING: Error: Phase "profile-before-change" is finished, it is too late to register completion condition "OS.File: flush I/O queued before profileBeforeChange"
WARNING: addBlocker@resource://gre/modules/AsyncShutdown.sys.mjs:727:15
addBlocker@resource://gre/modules/AsyncShutdown.sys.mjs:523:26
addBlocker@resource://gre/modules/AsyncShutdown.sys.mjs:458:15
setupShutdown@resource://gre/modules/osfile/osfile_async_front.jsm:1548:28
@resource://gre/modules/osfile/osfile_async_front.jsm:1568:16
@resource://gre/modules/osfile.jsm:12:30
@resource://gre/modules/TelemetryStorage.sys.mjs:10:28
_checkPendingPings@resource://gre/modules/TelemetrySend.sys.mjs:863:17
setup@resource://gre/modules/TelemetrySend.sys.mjs:803:18
setup@resource://gre/modules/TelemetrySend.sys.mjs:241:30
setupTelemetry/tJhaivsa.S_cdreilpaty eedrIrnitTasko<r@:r reessoouurrccee::///g/reg/rmeo/dmuoldeusl/eAssy/nTcSehluetdomwent.rsyysC.omjnst,r ollinlee 7r2P7a:r eEnrtr.osr:y sP.hmajsse: 8"2p8r:o3f6il
eo-bsebrveef@orrees-ocuhracneg:e/"/ girse /fmiondiuslheesd/,A siytn ciSsh uttodoo wlna.tsey st.om jrse:g5i7s6t:e1r 6co
mp
lWeAtRiNoInN Gc:o A nbdliotckeiorn  e"nOcSo.uFnitleer:e df launsh  Ie/rrOo rq uwehuielde  wbe ewfeorree  wpariofiletBienfgor.eC
h a n g e "  
   JBalvoacScrkieprt:  er rToerl:e mreesourtcrey:C/o/ngtrreo/lmloedru:l essh/uAtstyinncgS hduotwdnow
n . s y s . m j s,  Phase: profile -bleifnoer e7-2c7h:a nEgrer-oterl:e mPehtarsye 
" p r o f i l e -  Statbee:f orEer-rcohra nggeet"t iinsg  fsitnaitseh:e d, it is too late to regisEterrr ocromplet:i oPnh conadsiet i"opnr o"fOiSl.eF-ibleef:or ef-lcuhsha nIg/eO"  qiuse ufeidn ibefsohreed ,p riotf iileBse ftooroe Clhaatneg et"o
 JraevgaiSsctreirp tc oemrprloert:i orne scoounrdciet:i/o/ng r"eO/Sm.oFdiullee:s /fAlsuysnhc SIh/uOt dqouwenu.esdy sb.emjfso,r el inpe 727: rEorrfoirle:B ePfhoarseeC h"apnrgoef"i lae-tb eforea-dcdhBangel"o is fcinikshed, it is too late to register completioenr @croensdoiutricoen: /"/OgSr.Fei/lmeo:d uflluessh/ AIs/yOn cqSuheuutedd obwenf.osryes .pmrjosf:i7l2e7B:e1f5or
eaCddhBalnogcek"er
@JraveasSocurricpt ee:r/r/ogr:r er/modules/eAssyonucrScheu:t/d/ogwrne./symso.dmujlse:s5/2A3s:y2n6cS
haudtddBolwonc.kseyrs@.rmejsos,u rlcien:/e/ g7r2e7/m:o dEurlreosr/:A syPnhcaSsheu "tpdroowfni.les-ybse.fmojrse:-4c5h8a:n1g5e"
 siest ufpiSnhishuetdd,o wint@ riess otuoroc el:a/t/ger et/om ordeugliesst/eors fciolmep/loestfiiolne _caosnydnict_iforno n"tO.Sj.sFmi:l1e: 5f4l8u:s2h8 I
/@Or eqsuoeuurecde :b/e/fgorree/ mpordofileuBelfeosr/eoCshfainlgee/"os
fJile_async_fraont.jsmv:a1S5c6r8i:p16t 
e@rrresource://gre/modules/oosrf:i lree.jssomu:r1c2e::3/0/
g@rrees/omuordcuel:e/s/A/sgyrnecS/hmuotdduolwens./sTyesl.emmjest,r ylSitnoer 7a2g7e:. sEyrsr.omrj:s :P1h0a:s2e8 "
p_rcohfeiclkeP-ebnedfionrgeP-icnhgasn@grees"o uirsc ef:i/n/igsrhee/dm,o diutl eiss/ Tteoloe mleatter ytSoe nrd.syesg.imsjtse:r86 3c:o1m7pl
esteitounp @croensoduirtcieo:n/ /"gOrSe./Fmioldeu:l efsl/uTsehl eI/Om eqtureyuSeedn db.esfyosr.em profileBefjosr:e8C0h3a:n1g8
ese"tu
pJ@arvaeSscoruipt recrer:o/r/:g rree/smooudruclee:s//g/reT/emloedmueltersy/AsySnceShnudt.dsoywsn.m.jss:y2s4.1m:j3s0, 
lsienteu p7T2e7l:e mEertrroyr:/ tPhhiass.e_ d"eplraofyieldeI-nbietfToarsek-<c@hraensgoeu"r cie:/s/ gfrei/nmiosdhuelde,s/ Tielte miest rtyoCoo nltartoel lto reregister cPompleatrieonnt .csoynsd.imtjiso:n82 8"OS.F:36i
loeb:s efrlvues@hr eIs/oOu rqce:ueued before profileBeforeChange"
//gre/modules/AsyncShutdown.sys.mjs:576:16

WARNING: Error: Phase "profile-before-change" is finished, it is too late to register completion condition "OS.File: flush I/O queued before profileBeforeChange"
WARNING: addBlocker@resource://gre/modules/AsyncShutdown.sys.mjs:727:15
addBlocker@resource://gre/modules/AsyncShutdown.sys.mjs:523:26
addBlocker@resource://gre/modules/AsyncShutdown.sys.mjs:458:15
setupShutdown@resource://gre/modules/osfile/osfile_async_front.jsm:1548:28
@resource://gre/modules/osfile/osfile_async_front.jsm:1568:16
@resource://gre/modules/osfile.jsm:12:30
@resource://gre/modules/TelemetryStorage.sys.mjs:10:28
_checkPendingPings@resource://gre/modules/TelemetrySend.sys.mjs:863:17
setup@resource://gre/modules/TelemetrySend.sys.mjs:803:18
setup@resource://gre/modules/TelemetrySend.sys.mjs:241:30
setupTelemetry/this._delayedInitTask<@resource://gre/modules/TelemetryControllerParent.sys.mjs:828:36
observe@resource://gre/modules/AsyncShutdown.sys.mjs:576:16

]]></system-err>
  </testcase>
</testsuite>